<?xml version="1.0" encoding="UTF-8"?>
<!-- Generated by org.testng.reporters.JUnitXMLReporter -->
<testsuite hostname="PROBAL-ASUS" ignored="0" name="Test" tests="2" failures="1" timestamp="2020-01-08T11:09:32 CST" time="115.731" errors="0">
  <testcase name="flightBooking" time="59.678" classname="mytest.FlightTest"/>
  <testcase name="flightBooking" time="59.696" classname="mytest.FlightTest">
    <failure type="java.lang.NullPointerException">
      <![CDATA[java.lang.NullPointerException
at resources.base.takeSS(base.java:41)
at mytest.Listener.onTestSuccess(Listener.java:19)
at java.util.ArrayList.forEach(Unknown Source)
... Removed 24 stack frames]]>
    </failure>
  </testcase> <!-- flightBooking -->
</testsuite> <!-- Test -->
