<?xml version="1.0" encoding="UTF-8"?>
<testng-results ignored="0" total="1" passed="1" failed="0" skipped="0">
  <reporter-output>
  </reporter-output>
  <suite started-at="2020-01-02T15:53:30 CST" name="Suite" finished-at="2020-01-02T15:53:46 CST" duration-ms="15990">
    <groups>
    </groups>
    <test started-at="2020-01-02T15:53:30 CST" name="Test" finished-at="2020-01-02T15:53:46 CST" duration-ms="15990">
      <class name="mytest.CartTest">
        <test-method is-config="true" signature="initbrowser()[pri:0, instance:mytest.CartTest@4b45dcb8]" started-at="2020-01-02T15:53:30 CST" name="initbrowser" finished-at="2020-01-02T15:53:41 CST" duration-ms="11150" status="PASS">
          <reporter-output>
          </reporter-output>
        </test-method> <!-- initbrowser -->
        <test-method signature="addItem()[pri:0, instance:mytest.CartTest@4b45dcb8]" started-at="2020-01-02T15:53:41 CST" name="addItem" finished-at="2020-01-02T15:53:45 CST" duration-ms="3684" status="PASS">
          <reporter-output>
          </reporter-output>
        </test-method> <!-- addItem -->
        <test-method is-config="true" signature="close()[pri:0, instance:mytest.CartTest@4b45dcb8]" started-at="2020-01-02T15:53:45 CST" name="close" finished-at="2020-01-02T15:53:46 CST" duration-ms="1109" status="PASS">
          <reporter-output>
          </reporter-output>
        </test-method> <!-- close -->
      </class> <!-- mytest.CartTest -->
    </test> <!-- Test -->
  </suite> <!-- Suite -->
</testng-results>
