<?xml version="1.0" encoding="UTF-8"?>
<testng-results skipped="0" failed="0" ignored="0" total="1" passed="1">
  <reporter-output>
  </reporter-output>
  <suite name="Suite" duration-ms="14043" started-at="2020-01-02T15:51:36 CST" finished-at="2020-01-02T15:51:50 CST">
    <groups>
    </groups>
    <test name="Test" duration-ms="14043" started-at="2020-01-02T15:51:36 CST" finished-at="2020-01-02T15:51:50 CST">
      <class name="mytest.CartTest">
        <test-method status="PASS" signature="initbrowser()[pri:0, instance:mytest.CartTest@10683d9d]" name="initbrowser" is-config="true" duration-ms="12662" started-at="2020-01-02T15:51:36 CST" finished-at="2020-01-02T15:51:49 CST">
          <reporter-output>
          </reporter-output>
        </test-method> <!-- initbrowser -->
        <test-method status="PASS" signature="addItem()[pri:0, instance:mytest.CartTest@10683d9d]" name="addItem" duration-ms="610" started-at="2020-01-02T15:51:49 CST" finished-at="2020-01-02T15:51:49 CST">
          <reporter-output>
          </reporter-output>
        </test-method> <!-- addItem -->
        <test-method status="PASS" signature="close()[pri:0, instance:mytest.CartTest@10683d9d]" name="close" is-config="true" duration-ms="735" started-at="2020-01-02T15:51:49 CST" finished-at="2020-01-02T15:51:50 CST">
          <reporter-output>
          </reporter-output>
        </test-method> <!-- close -->
      </class> <!-- mytest.CartTest -->
    </test> <!-- Test -->
  </suite> <!-- Suite -->
</testng-results>
